1552940971293	mozrunner::runner	INFO	Running command: "/usr/bin/firefox" "-marionette" "-foreground" "-no-remote" "-profile" "/tmp/rust_mozprofile.VfD7JVw7dqjQ"

(firefox:12394): Gtk-WARNING **: 21:29:31.809: Theme parsing error: <data>:1:34: Expected ')' in color definition

(firefox:12394): Gtk-WARNING **: 21:29:31.809: Theme parsing error: <data>:1:78: Expected ')' in color definition
1552940972803	Marionette	INFO	Listening on port 38315
1552940972909	Marionette	WARN	TLS certificate errors will be ignored for this session
JavaScript error: resource://activity-stream/lib/TopSitesFeed.jsm, line 93: TypeError: setting getter-only property "_currentSearchHostname"
JavaScript warning: https://www.flashscore.sk/x/js/core_7_1640000000.js, line 1: unreachable code after return statement
console.error: BroadcastService: 
  receivedBroadcastMessage: handler for
  remote-settings/monitor_changes
  threw error:
  Message: Error: Polling for changes failed: NetworkError when attempting to fetch resource..
  Stack:
    remoteSettingsFunction/remoteSettings.pollChanges@resource://services-settings/remote-settings.js:721:13

1552941131965	mozrunner::runner	INFO	Running command: "/usr/bin/firefox" "-marionette" "-foreground" "-no-remote" "-profile" "/tmp/rust_mozprofile.1ljwv3RTA0MW"

(firefox:12753): Gtk-WARNING **: 21:32:12.486: Theme parsing error: <data>:1:34: Expected ')' in color definition

(firefox:12753): Gtk-WARNING **: 21:32:12.486: Theme parsing error: <data>:1:78: Expected ')' in color definition
1552941133357	Marionette	INFO	Listening on port 39339
1552941133373	Marionette	WARN	TLS certificate errors will be ignored for this session
JavaScript error: resource://activity-stream/lib/TopSitesFeed.jsm, line 93: TypeError: setting getter-only property "_currentSearchHostname"
JavaScript warning: https://www.flashscore.sk/x/js/core_7_1640000000.js, line 1: unreachable code after return statement
console.error: BroadcastService: 
  receivedBroadcastMessage: handler for
  remote-settings/monitor_changes
  threw error:
  Message: Error: Polling for changes failed: NetworkError when attempting to fetch resource..
  Stack:
    remoteSettingsFunction/remoteSettings.pollChanges@resource://services-settings/remote-settings.js:721:13

[Parent 12753, Gecko_IOThread] WARNING: pipe error (76): Connection reset by peer: file /build/firefox-w3u9A5/firefox-63.0.3+linuxmint1+tara/ipc/chromium/src/chrome/common/ipc_channel_posix.cc, line 356
[Parent 12753, Gecko_IOThread] WARNING: pipe error (79): Connection reset by peer: file /build/firefox-w3u9A5/firefox-63.0.3+linuxmint1+tara/ipc/chromium/src/chrome/common/ipc_channel_posix.cc, line 356
1552941170646	Marionette	INFO	Stopped listening on port 39339

###!!! [Child][MessageChannel] Error: (msgtype=0x580027,name=PNecko::Msg_RemoveRequestContext) Channel closing: too late to send/recv, messages will be lost


###!!! [Child][RunMessage] Error: Channel closing: too late to send/recv, messages will be lost

[Parent 12394, Gecko_IOThread] WARNING: pipe error (76): Connection reset by peer: file /build/firefox-w3u9A5/firefox-63.0.3+linuxmint1+tara/ipc/chromium/src/chrome/common/ipc_channel_posix.cc, line 356
[Parent 12394, Gecko_IOThread] WARNING: pipe error (62): Connection reset by peer: file /build/firefox-w3u9A5/firefox-63.0.3+linuxmint1+tara/ipc/chromium/src/chrome/common/ipc_channel_posix.cc, line 356
1552941173857	Marionette	INFO	Stopped listening on port 38315
1552941266564	mozrunner::runner	INFO	Running command: "/usr/bin/firefox" "-marionette" "-foreground" "-no-remote" "-profile" "/tmp/rust_mozprofile.JKj60UlPbfSF"

(firefox:13211): Gtk-WARNING **: 21:34:27.099: Theme parsing error: <data>:1:34: Expected ')' in color definition

(firefox:13211): Gtk-WARNING **: 21:34:27.099: Theme parsing error: <data>:1:78: Expected ')' in color definition
1552941268048	Marionette	INFO	Listening on port 39211
1552941268072	Marionette	WARN	TLS certificate errors will be ignored for this session
JavaScript error: resource://activity-stream/lib/TopSitesFeed.jsm, line 93: TypeError: setting getter-only property "_currentSearchHostname"
JavaScript warning: https://www.flashscore.sk/x/js/core_7_1640000000.js, line 1: unreachable code after return statement
console.error: BroadcastService: 
  receivedBroadcastMessage: handler for
  remote-settings/monitor_changes
  threw error:
  Message: Error: Polling for changes failed: NetworkError when attempting to fetch resource..
  Stack:
    remoteSettingsFunction/remoteSettings.pollChanges@resource://services-settings/remote-settings.js:721:13

[Parent 13211, Gecko_IOThread] WARNING: pipe error (76): Connection reset by peer: file /build/firefox-w3u9A5/firefox-63.0.3+linuxmint1+tara/ipc/chromium/src/chrome/common/ipc_channel_posix.cc, line 356
[Parent 13211, Gecko_IOThread] WARNING: pipe error (93): Connection reset by peer: file /build/firefox-w3u9A5/firefox-63.0.3+linuxmint1+tara/ipc/chromium/src/chrome/common/ipc_channel_posix.cc, line 356
[Parent 13211, Gecko_IOThread] WARNING: pipe error (121): Connection reset by peer: file /build/firefox-w3u9A5/firefox-63.0.3+linuxmint1+tara/ipc/chromium/src/chrome/common/ipc_channel_posix.cc, line 356
1552941297934	Marionette	INFO	Stopped listening on port 39211
1552941390284	mozrunner::runner	INFO	Running command: "/usr/bin/firefox" "-marionette" "-foreground" "-no-remote" "-profile" "/tmp/rust_mozprofile.WHly94ypL6Xf"

(firefox:13571): Gtk-WARNING **: 21:36:30.822: Theme parsing error: <data>:1:34: Expected ')' in color definition

(firefox:13571): Gtk-WARNING **: 21:36:30.822: Theme parsing error: <data>:1:78: Expected ')' in color definition
1552941391693	Marionette	INFO	Listening on port 40285
1552941391791	Marionette	WARN	TLS certificate errors will be ignored for this session
JavaScript error: resource://activity-stream/lib/TopSitesFeed.jsm, line 93: TypeError: setting getter-only property "_currentSearchHostname"
JavaScript warning: https://www.flashscore.sk/x/js/core_7_1640000000.js, line 1: unreachable code after return statement
console.error: BroadcastService: 
  receivedBroadcastMessage: handler for
  remote-settings/monitor_changes
  threw error:
  Message: Error: Polling for changes failed: NetworkError when attempting to fetch resource..
  Stack:
    remoteSettingsFunction/remoteSettings.pollChanges@resource://services-settings/remote-settings.js:721:13

IPDL protocol error: Handler returned error code!

###!!! [Parent][DispatchAsyncMessage] Error: PLayerTransaction::Msg_ReleaseLayer Processing error: message was deserialized, but the handler returned false (indicating failure)

[Child 13716, Chrome_ChildThread] WARNING: pipe error: Broken pipe: file /build/firefox-w3u9A5/firefox-63.0.3+linuxmint1+tara/ipc/chromium/src/chrome/common/ipc_channel_posix.cc, line 729
[Child 13716, Chrome_ChildThread] WARNING: pipe error: Broken pipe: file /build/firefox-w3u9A5/firefox-63.0.3+linuxmint1+tara/ipc/chromium/src/chrome/common/ipc_channel_posix.cc, line 729
[Parent 13571, Gecko_IOThread] WARNING: pipe error (76): Connection reset by peer: file /build/firefox-w3u9A5/firefox-63.0.3+linuxmint1+tara/ipc/chromium/src/chrome/common/ipc_channel_posix.cc, line 356
[Parent 13571, Gecko_IOThread] WARNING: pipe error (79): Connection reset by peer: file /build/firefox-w3u9A5/firefox-63.0.3+linuxmint1+tara/ipc/chromium/src/chrome/common/ipc_channel_posix.cc, line 356
1552942399208	Marionette	INFO	Stopped listening on port 40285
