[INFO  - 2019-03-18T20:57:28.810Z] GhostDriver - Main - running on port 46649
[INFO  - 2019-03-18T20:57:29.753Z] Session [71740c50-49c0-11e9-ac7d-1ff3f63c0e67] - page.settings - {"XSSAuditingEnabled":false,"javascriptCanCloseWindows":true,"javascriptCanOpenWindows":true,"javascriptEnabled":true,"loadImages":true,"localToRemoteUrlAccessEnabled":false,"userAgent":"Mozilla/5.0 (Unknown; Linux x86_64) AppleWebKit/538.1 (KHTML, like Gecko) PhantomJS/2.1.1 Safari/538.1","webSecurityEnabled":true}
[INFO  - 2019-03-18T20:57:29.753Z] Session [71740c50-49c0-11e9-ac7d-1ff3f63c0e67] - page.customHeaders:  - {}
[INFO  - 2019-03-18T20:57:29.753Z] Session [71740c50-49c0-11e9-ac7d-1ff3f63c0e67] - Session.negotiatedCapabilities - {"browserName":"phantomjs","version":"2.1.1","driverName":"ghostdriver","driverVersion":"1.2.0","platform":"linux-unknown-64bit","javascriptEnabled":true,"takesScreenshot":true,"handlesAlerts":false,"databaseEnabled":false,"locationContextEnabled":false,"applicationCacheEnabled":false,"browserConnectionEnabled":false,"cssSelectorsEnabled":true,"webStorageEnabled":false,"rotatable":false,"acceptSslCerts":false,"nativeEvents":true,"proxy":{"proxyType":"direct"}}
[INFO  - 2019-03-18T20:57:29.753Z] SessionManagerReqHand - _postNewSessionCommand - New Session Created: 71740c50-49c0-11e9-ac7d-1ff3f63c0e67
[ERROR - 2019-03-18T20:57:34.403Z] Session [71740c50-49c0-11e9-ac7d-1ff3f63c0e67] - page.onError - msg: ReferenceError: Can't find variable: Set

  phantomjs://platform/console++.js:263 in error
[ERROR - 2019-03-18T20:57:34.403Z] Session [71740c50-49c0-11e9-ac7d-1ff3f63c0e67] - page.onError - stack:
  (anonymous function) (https://www.flashscore.sk/x/js/core_7_1640000000.js:7)
  n (https://www.flashscore.sk/x/js/core_7_1640000000.js:7)
  (anonymous function) (https://www.flashscore.sk/x/js/core_7_1640000000.js:7)
  n (https://www.flashscore.sk/x/js/core_7_1640000000.js:7)
  (anonymous function) (https://www.flashscore.sk/x/js/core_7_1640000000.js:7)
  n (https://www.flashscore.sk/x/js/core_7_1640000000.js:7)
  (anonymous function) (https://www.flashscore.sk/x/js/core_7_1640000000.js:7)

  phantomjs://platform/console++.js:263 in error
[ERROR - 2019-03-18T20:57:40.280Z] Session [71740c50-49c0-11e9-ac7d-1ff3f63c0e67] - page.onError - msg: TypeError: undefined is not a function (evaluating 'cjs.loaders.loadReact()')

  phantomjs://platform/console++.js:263 in error
[ERROR - 2019-03-18T20:57:40.280Z] Session [71740c50-49c0-11e9-ac7d-1ff3f63c0e67] - page.onError - stack:
  global code (https://www.flashscore.sk/tim/real-madrid/W8mj7MDD/program/:513)

  phantomjs://platform/console++.js:263 in error
[INFO  - 2019-03-18T21:02:28.809Z] SessionManagerReqHand - _cleanupWindowlessSessions - Asynchronous Sessions clean-up phase starting NOW
[INFO  - 2019-03-18T21:07:28.809Z] SessionManagerReqHand - _cleanupWindowlessSessions - Asynchronous Sessions clean-up phase starting NOW
[INFO  - 2019-03-18T21:12:28.809Z] SessionManagerReqHand - _cleanupWindowlessSessions - Asynchronous Sessions clean-up phase starting NOW
[INFO  - 2019-03-18T21:17:28.809Z] SessionManagerReqHand - _cleanupWindowlessSessions - Asynchronous Sessions clean-up phase starting NOW
[INFO  - 2019-03-18T21:22:28.809Z] SessionManagerReqHand - _cleanupWindowlessSessions - Asynchronous Sessions clean-up phase starting NOW
[INFO  - 2019-03-18T21:27:28.810Z] SessionManagerReqHand - _cleanupWindowlessSessions - Asynchronous Sessions clean-up phase starting NOW
[INFO  - 2019-03-18T21:32:28.810Z] SessionManagerReqHand - _cleanupWindowlessSessions - Asynchronous Sessions clean-up phase starting NOW
[INFO  - 2019-03-18T21:37:28.810Z] SessionManagerReqHand - _cleanupWindowlessSessions - Asynchronous Sessions clean-up phase starting NOW
[INFO  - 2019-03-18T21:42:28.810Z] SessionManagerReqHand - _cleanupWindowlessSessions - Asynchronous Sessions clean-up phase starting NOW
